Arguments: 
  /usr/local/bin/node /usr/local/bin/yarn add antd

PATH: 
  /usr/local/bin:/usr/bin:/bin:/usr/sbin:/sbin:/Library/Apple/usr/bin

Yarn version: 
  1.22.5

Node version: 
  14.12.0

Platform: 
  darwin x64

Trace: 
  Error: http://10.100.1.27:8688/repository/npm-all/@svgr%2fwebpack: ETIMEDOUT
      at Timeout._onTimeout (/usr/local/lib/node_modules/yarn/lib/cli.js:141322:19)
      at listOnTimeout (internal/timers.js:554:17)
      at processTimers (internal/timers.js:497:7)

npm manifest: 
  {
    "name": "mobileDemo",
    "version": "1.0.0",
    "private": true,
    "homepage": ".",
    "proxy": "http://180.96.8.44:80",
    "dependencies": {
      "@svgr/webpack": "2.4.1",
      "@wind/wind-ui": "^2.1.0",
      "ahooks": "^2.2.0",
      "axios": "^0.18.0",
      "bfj": "6.1.1",
      "connected-react-router": "^6.2.2",
      "d3": "^5.16.0",
      "dotenv": "6.0.0",
      "dotenv-expand": "4.2.0",
      "echarts": "^4.8.0",
      "echarts-for-react": "^2.0.16",
      "enzyme": "^3.8.0",
      "enzyme-adapter-react-16": "^1.8.0",
      "fs-extra": "7.0.0",
      "history": "^4.7.2",
      "html-webpack-plugin": "4.0.0-alpha.2",
      "identity-obj-proxy": "3.0.0",
      "jest": "23.6.0",
      "jest-pnp-resolver": "1.0.1",
      "jest-resolve": "23.6.0",
      "json-server": "^0.16.1",
      "less": "^3.9.0",
      "less-loader": "^4.1.0",
      "lib-flexible": "^0.3.2",
      "miment": "^0.0.9",
      "mini-css-extract-plugin": "0.4.3",
      "nock": "^10.0.6",
      "optimize-css-assets-webpack-plugin": "5.0.1",
      "pnp-webpack-plugin": "1.1.0",
      "postcss-flexbugs-fixes": "4.1.0",
      "postcss-loader": "3.0.0",
      "postcss-preset-env": "6.3.1",
      "postcss-px2rem": "^0.3.0",
      "postcss-safe-parser": "4.0.1",
      "prettier": "^1.16.3",
      "react": "^16.8.6",
      "react-app-polyfill": "^0.2.0",
      "react-dev-utils": "^7.0.1",
      "react-dom": "^16.8.6",
      "react-draggable": "^4.4.3",
      "react-hot-loader": "^4.12.12",
      "react-redux": "^7.1.1",
      "react-router-dom": "^5.0.1",
      "redux": "^4.0.1",
      "redux-logger": "^3.0.6",
      "redux-mock-store": "^1.5.3",
      "redux-thunk": "^2.3.0",
      "resolve": "1.8.1",
      "yarn": "^1.22.5"
    },
    "scripts": {
      "start": "cross-env PORT=3200 node scripts/start.js",
      "build": "node scripts/build.js",
      "deploy": "node scripts/build.js && scp -r ./build/* root@10.102.17.238:/wind/govweb/mobile/",
      "analyze": "node scripts/build.js --analyze",
      "test": "node scripts/test.js",
      "mock": "json-server mock/mock.json --port 3103"
    },
    "browserslist": [
      ">0.2%",
      "not dead",
      "not ie <= 11",
      "not op_mini all"
    ],
    "jest": {
      "collectCoverageFrom": [
        "src/**/*.{js,jsx,ts,tsx}",
        "!src/**/*.d.ts"
      ],
      "resolver": "jest-pnp-resolver",
      "setupFiles": [
        "react-app-polyfill/jsdom",
        "<rootDir>/tests/setup.js"
      ],
      "testMatch": [
        "<rootDir>/tests/**/?(*.)(spec|test).{js,jsx,ts,tsx}"
      ],
      "testEnvironment": "jsdom",
      "testURL": "http://localhost",
      "transform": {
        "^.+\\.(js|jsx|ts|tsx)$": "<rootDir>/node_modules/babel-jest",
        "^.+\\.css$": "<rootDir>/config/jest/cssTransform.js",
        "^(?!.*\\.(js|jsx|ts|tsx|css|json)$)": "<rootDir>/config/jest/fileTransform.js"
      },
      "transformIgnorePatterns": [
        "[/\\\\]node_modules[/\\\\].+\\.(js|jsx|ts|tsx)$",
        "^.+\\.module\\.(css|sass|scss)$"
      ],
      "moduleNameMapper": {
        "^react-native$": "react-native-web",
        "^.+\\.module\\.(css|sass|scss)$": "identity-obj-proxy"
      },
      "moduleFileExtensions": [
        "web.js",
        "js",
        "web.ts",
        "ts",
        "web.tsx",
        "tsx",
        "json",
        "web.jsx",
        "jsx",
        "node"
      ]
    },
    "devDependencies": {
      "@babel/core": "^7.11.4",
      "@babel/plugin-proposal-nullish-coalescing-operator": "^7.10.4",
      "@babel/plugin-proposal-optional-chaining": "^7.11.0",
      "babel-core": "7.0.0-bridge.0",
      "babel-eslint": "9.0.0",
      "babel-jest": "23.6.0",
      "babel-loader": "8.0.4",
      "babel-plugin-import": "^1.13.0",
      "babel-plugin-lodash": "^3.3.4",
      "babel-plugin-named-asset-import": "^0.3.0",
      "babel-preset-react-app": "7.0.2",
      "case-sensitive-paths-webpack-plugin": "2.1.2",
      "chalk": "2.4.1",
      "cross-env": "^5.2.0",
      "css-loader": "1.0.0",
      "eslint": "^7.6.0",
      "eslint-config-react-app": "^3.0.8",
      "eslint-loader": "2.1.1",
      "eslint-plugin-flowtype": "2.50.1",
      "eslint-plugin-import": "2.14.0",
      "eslint-plugin-jsx-a11y": "6.1.2",
      "eslint-plugin-react": "7.11.1",
      "eslint-plugin-react-hooks": "^2.0.1",
      "file-loader": "2.0.0",
      "fork-ts-checker-webpack-plugin-alt": "0.4.14",
      "lodash-webpack-plugin": "^0.11.5",
      "speed-measure-webpack-plugin": "^1.3.3",
      "style-loader": "0.23.0",
      "terser-webpack-plugin": "1.1.0",
      "url-loader": "1.1.1",
      "webpack": "4.19.1",
      "webpack-bundle-analyzer": "^3.8.0",
      "webpack-dev-server": "3.1.14",
      "webpack-manifest-plugin": "2.0.4",
      "workbox-webpack-plugin": "3.6.3"
    }
  }

yarn manifest: 
  No manifest

Lockfile: 
  No lockfile
